{"C:\\Users\\Jazali\\Documents\\Projects\\hangman-jest\\lib.js": {"path":"C:\\Users\\Jazali\\Documents\\Projects\\hangman-jest\\lib.js","statementMap":{"0":{"start":{"line":1,"column":21},"end":{"line":1,"column":45}},"1":{"start":{"line":9,"column":2},"end":{"line":9,"column":51}},"2":{"start":{"line":9,"column":35},"end":{"line":9,"column":49}},"3":{"start":{"line":18,"column":2},"end":{"line":18,"column":57}},"4":{"start":{"line":27,"column":2},"end":{"line":27,"column":44}},"5":{"start":{"line":27,"column":34},"end":{"line":27,"column":44}},"6":{"start":{"line":28,"column":2},"end":{"line":28,"column":37}},"7":{"start":{"line":39,"column":2},"end":{"line":41,"column":4}},"8":{"start":{"line":40,"column":4},"end":{"line":40,"column":58}},"9":{"start":{"line":50,"column":2},"end":{"line":50,"column":28}},"10":{"start":{"line":60,"column":2},"end":{"line":60,"column":31}},"11":{"start":{"line":64,"column":2},"end":{"line":64,"column":62}},"12":{"start":{"line":64,"column":33},"end":{"line":64,"column":62}},"13":{"start":{"line":65,"column":2},"end":{"line":65,"column":66}},"14":{"start":{"line":65,"column":37},"end":{"line":65,"column":66}},"15":{"start":{"line":66,"column":2},"end":{"line":66,"column":18}},"16":{"start":{"line":74,"column":2},"end":{"line":74,"column":51}},"17":{"start":{"line":82,"column":2},"end":{"line":82,"column":22}},"18":{"start":{"line":85,"column":0},"end":{"line":95,"column":2}}},"fnMap":{"0":{"name":"isWordSolved","decl":{"start":{"line":8,"column":9},"end":{"line":8,"column":21}},"loc":{"start":{"line":8,"column":33},"end":{"line":10,"column":1}},"line":8},"1":{"name":"(anonymous_1)","decl":{"start":{"line":9,"column":25},"end":{"line":9,"column":26}},"loc":{"start":{"line":9,"column":35},"end":{"line":9,"column":49}},"line":9},"2":{"name":"randomlySelectWord","decl":{"start":{"line":17,"column":9},"end":{"line":17,"column":27}},"loc":{"start":{"line":17,"column":35},"end":{"line":19,"column":1}},"line":17},"3":{"name":"createBlankWordArray","decl":{"start":{"line":26,"column":9},"end":{"line":26,"column":29}},"loc":{"start":{"line":26,"column":42},"end":{"line":29,"column":1}},"line":26},"4":{"name":"fillInGuessedLetters","decl":{"start":{"line":38,"column":9},"end":{"line":38,"column":29}},"loc":{"start":{"line":38,"column":70},"end":{"line":42,"column":1}},"line":38},"5":{"name":"(anonymous_5)","decl":{"start":{"line":39,"column":25},"end":{"line":39,"column":26}},"loc":{"start":{"line":40,"column":4},"end":{"line":40,"column":58}},"line":40},"6":{"name":"stringify","decl":{"start":{"line":49,"column":9},"end":{"line":49,"column":18}},"loc":{"start":{"line":49,"column":35},"end":{"line":51,"column":1}},"line":49},"7":{"name":"wordIncludesLetter","decl":{"start":{"line":59,"column":9},"end":{"line":59,"column":27}},"loc":{"start":{"line":59,"column":42},"end":{"line":61,"column":1}},"line":59},"8":{"name":"validateInput","decl":{"start":{"line":63,"column":9},"end":{"line":63,"column":22}},"loc":{"start":{"line":63,"column":30},"end":{"line":67,"column":1}},"line":63},"9":{"name":"askForALetter","decl":{"start":{"line":73,"column":9},"end":{"line":73,"column":22}},"loc":{"start":{"line":73,"column":25},"end":{"line":75,"column":1}},"line":73},"10":{"name":"print","decl":{"start":{"line":81,"column":9},"end":{"line":81,"column":14}},"loc":{"start":{"line":81,"column":23},"end":{"line":83,"column":1}},"line":81}},"branchMap":{"0":{"loc":{"start":{"line":26,"column":30},"end":{"line":26,"column":40}},"type":"default-arg","locations":[{"start":{"line":26,"column":39},"end":{"line":26,"column":40}}],"line":26},"1":{"loc":{"start":{"line":27,"column":2},"end":{"line":27,"column":44}},"type":"if","locations":[{"start":{"line":27,"column":2},"end":{"line":27,"column":44}},{"start":{"line":27,"column":2},"end":{"line":27,"column":44}}],"line":27},"2":{"loc":{"start":{"line":40,"column":4},"end":{"line":40,"column":58}},"type":"cond-expr","locations":[{"start":{"line":40,"column":38},"end":{"line":40,"column":51}},{"start":{"line":40,"column":54},"end":{"line":40,"column":58}}],"line":40},"3":{"loc":{"start":{"line":49,"column":19},"end":{"line":49,"column":33}},"type":"default-arg","locations":[{"start":{"line":49,"column":31},"end":{"line":49,"column":33}}],"line":49},"4":{"loc":{"start":{"line":64,"column":2},"end":{"line":64,"column":62}},"type":"if","locations":[{"start":{"line":64,"column":2},"end":{"line":64,"column":62}},{"start":{"line":64,"column":2},"end":{"line":64,"column":62}}],"line":64},"5":{"loc":{"start":{"line":65,"column":2},"end":{"line":65,"column":66}},"type":"if","locations":[{"start":{"line":65,"column":2},"end":{"line":65,"column":66}},{"start":{"line":65,"column":2},"end":{"line":65,"column":66}}],"line":65}},"s":{"0":1,"1":2,"2":5,"3":0,"4":6,"5":3,"6":3,"7":0,"8":0,"9":5,"10":0,"11":2,"12":2,"13":0,"14":0,"15":0,"16":1,"17":2,"18":1},"f":{"0":2,"1":5,"2":0,"3":6,"4":0,"5":0,"6":5,"7":0,"8":2,"9":1,"10":2},"b":{"0":[1],"1":[3,3],"2":[0,0],"3":[0],"4":[2,0],"5":[0,0]},"_coverageSchema":"43e27e138ebf9cfc5966b082cf9a028302ed4184","hash":"e58b0a42e1f2bb546b113f99bca8bb0c59cb8dab"}
}
