TN:
SF:C:\Users\Jazali\Documents\Projects\hangman-jest\lib.js
FN:8,isWordSolved
FN:9,(anonymous_1)
FN:17,randomlySelectWord
FN:26,createBlankWordArray
FN:38,fillInGuessedLetters
FN:39,(anonymous_5)
FN:49,stringify
FN:59,wordIncludesLetter
FN:63,validateInput
FN:73,askForALetter
FN:81,print
FNF:11
FNH:7
FNDA:2,isWordSolved
FNDA:5,(anonymous_1)
FNDA:0,randomlySelectWord
FNDA:6,createBlankWordArray
FNDA:0,fillInGuessedLetters
FNDA:0,(anonymous_5)
FNDA:5,stringify
FNDA:0,wordIncludesLetter
FNDA:2,validateInput
FNDA:1,askForALetter
FNDA:2,print
DA:1,1
DA:9,5
DA:18,0
DA:27,6
DA:28,3
DA:39,0
DA:40,0
DA:50,5
DA:60,0
DA:64,2
DA:65,0
DA:66,0
DA:74,1
DA:82,2
DA:85,1
LF:15
LH:9
BRDA:26,0,0,1
BRDA:27,1,0,3
BRDA:27,1,1,3
BRDA:40,2,0,0
BRDA:40,2,1,0
BRDA:49,3,0,0
BRDA:64,4,0,2
BRDA:64,4,1,0
BRDA:65,5,0,0
BRDA:65,5,1,0
BRF:10
BRH:4
end_of_record
